2020-08-08 16:36:48,707:INFO:discord.client: logging in using static token
2020-08-08 16:36:49,289:DEBUG:discord.http: GET https://discord.com/api/v7/users/@me with None has returned 200
2020-08-08 16:36:49,289:DEBUG:discord.http: GET https://discord.com/api/v7/users/@me has received {'id': '741608454505889802', 'username': 'MattoCraft', 'avatar': None, 'discriminator': '8263', 'public_flags': 0, 'flags': 0, 'bot': True, 'email': None, 'verified': True, 'locale': 'en-US', 'mfa_enabled': False}
2020-08-08 16:36:49,347:DEBUG:discord.http: GET https://discord.com/api/v7/gateway with None has returned 200
2020-08-08 16:36:49,347:DEBUG:discord.http: GET https://discord.com/api/v7/gateway has received {'url': 'wss://gateway.discord.gg'}
2020-08-08 16:36:49,949:DEBUG:discord.gateway: Created websocket connected to wss://gateway.discord.gg?encoding=json&v=6&compress=zlib-stream
2020-08-08 16:36:49,949:DEBUG:discord.client: Dispatching event socket_raw_receive
2020-08-08 16:36:49,951:DEBUG:discord.gateway: For Shard ID None: WebSocket Event: {'t': None, 's': None, 'op': 10, 'd': {'heartbeat_interval': 41250, '_trace': ['["gateway-prd-main-s4cw",{"micros":0.0}]']}}
2020-08-08 16:36:49,951:DEBUG:discord.client: Dispatching event socket_response
2020-08-08 16:36:49,951:DEBUG:discord.client: Dispatching event socket_raw_send
2020-08-08 16:36:49,975:DEBUG:discord.client: Dispatching event socket_raw_send
2020-08-08 16:36:49,978:INFO:discord.gateway: Shard ID None has sent the IDENTIFY payload.
2020-08-08 16:36:50,142:DEBUG:discord.client: Dispatching event socket_raw_receive
2020-08-08 16:36:50,142:DEBUG:discord.gateway: For Shard ID None: WebSocket Event: {'t': None, 's': None, 'op': 11, 'd': None}
2020-08-08 16:36:50,142:DEBUG:discord.client: Dispatching event socket_response
2020-08-08 16:36:50,200:DEBUG:discord.client: Dispatching event socket_raw_receive
2020-08-08 16:36:50,201:DEBUG:discord.gateway: For Shard ID None: WebSocket Event: {'t': 'READY', 's': 1, 'op': 0, 'd': {'v': 6, 'user_settings': {}, 'user': {'verified': True, 'username': 'MattoCraft', 'mfa_enabled': False, 'id': '741608454505889802', 'flags': 0, 'email': None, 'discriminator': '8263', 'bot': True, 'avatar': None}, 'session_id': '8b1b8468f2c12f78601ccc7efa33a13d', 'relationships': [], 'private_channels': [], 'presences': [], 'guilds': [{'unavailable': True, 'id': '740642043302510642'}], 'application': {'id': '741608454505889802', 'flags': 0}, '_trace': ['["gateway-prd-main-s4cw",{"micros":57059,"calls":["discord-sessions-prd-1-9",{"micros":55087,"calls":["start_session",{"micros":52839,"calls":["api-prd-main-v53w",{"micros":50322,"calls":["get_user",{"micros":1904},"add_authorized_ip",{"micros":2683},"get_guilds",{"micros":2198},"coros_wait",{"micros":2}]}]},"guilds_connect",{"micros":1,"calls":[]},"presence_connect",{"micros":1121,"calls":[]}]}]}]']}}
2020-08-08 16:36:50,202:DEBUG:discord.client: Dispatching event socket_response
2020-08-08 16:36:50,202:INFO:discord.gateway: Shard ID None has connected to Gateway: ["gateway-prd-main-s4cw",{"micros":57059,"calls":["discord-sessions-prd-1-9",{"micros":55087,"calls":["start_session",{"micros":52839,"calls":["api-prd-main-v53w",{"micros":50322,"calls":["get_user",{"micros":1904},"add_authorized_ip",{"micros":2683},"get_guilds",{"micros":2198},"coros_wait",{"micros":2}]}]},"guilds_connect",{"micros":1,"calls":[]},"presence_connect",{"micros":1121,"calls":[]}]}]}] (Session ID: 8b1b8468f2c12f78601ccc7efa33a13d).
2020-08-08 16:36:50,219:DEBUG:discord.client: Dispatching event connect
2020-08-08 16:36:50,223:DEBUG:discord.client: Dispatching event socket_raw_receive
2020-08-08 16:36:50,224:DEBUG:discord.gateway: For Shard ID None: WebSocket Event: {'t': 'GUILD_CREATE', 's': 2, 'op': 0, 'd': {'preferred_locale': 'en-US', 'members': [{'user': {'username': 'HoloKi', 'public_flags': 260, 'id': '218316257286422529', 'discriminator': '0865', 'avatar': '112ffe66edd6979cea44bf99010e9485'}, 'roles': ['741608645854494730'], 'premium_since': None, 'nick': None, 'mute': False, 'joined_at': '2020-08-08T10:47:47.458974+00:00', 'hoisted_role': '741608645854494730', 'deaf': False}, {'user': {'username': 'ArmiGiagi', 'id': '294506696942944258', 'discriminator': '1840', 'avatar': 'e5f62ff41a5dcaaed9a62a84452377eb'}, 'roles': [], 'mute': False, 'joined_at': '2020-08-06T20:28:17.111000+00:00', 'hoisted_role': None, 'deaf': False}, {'user': {'username': 'RedBoy', 'id': '432110596805099530', 'discriminator': '5395', 'avatar': 'b8375828550bf69dd4ea65c8461dbc77'}, 'roles': ['741608645854494730'], 'premium_since': None, 'nick': None, 'mute': False, 'joined_at': '2020-08-05T18:47:03.593000+00:00', 'hoisted_role': '741608645854494730', 'deaf': False}, {'user': {'username': 'Gianma23', 'id': '510107106108637184', 'discriminator': '5147', 'avatar': '64e510e0791669641a1faa7e4c673a57'}, 'roles': [], 'mute': False, 'joined_at': '2020-08-06T20:00:44.042000+00:00', 'hoisted_role': None, 'deaf': False}, {'user': {'username': 'MattoHelp', 'id': '740835522146074645', 'discriminator': '4775', 'bot': True, 'avatar': '94469af39ba9bb52a54cbfcf0a0517db'}, 'roles': ['740836105204531232'], 'mute': False, 'joined_at': '2020-08-06T07:38:11.630000+00:00', 'hoisted_role': None, 'deaf': False}, {'user': {'username': 'MattoHelp', 'id': '740919934015635487', 'discriminator': '6182', 'bot': True, 'avatar': None}, 'roles': ['740969037915357265'], 'mute': False, 'joined_at': '2020-08-06T16:26:25.190000+00:00', 'hoisted_role': None, 'deaf': False}, {'user': {'username': 'MattoHelp', 'id': '740978136958763089', 'discriminator': '3615', 'bot': True, 'avatar': '2d5b157baf35f97d356585a39d491837'}, 'roles': ['740980169241526384'], 'mute': False, 'joined_at': '2020-08-06T17:10:39.106000+00:00', 'hoisted_role': None, 'deaf': False}, {'user': {'username': 'MattoCraft', 'id': '741608454505889802', 'discriminator': '8263', 'bot': True, 'avatar': None}, 'roles': ['741608909743325207'], 'premium_since': None, 'nick': None, 'mute': False, 'joined_at': '2020-08-08T10:49:02.583994+00:00', 'hoisted_role': None, 'deaf': False}], 'voice_states': [], 'afk_timeout': 300, 'unavailable': False, 'premium_subscription_count': 0, 'joined_at': '2020-08-08T10:49:02.583994+00:00', 'vanity_url_code': None, 'emojis': [], 'owner_id': '432110596805099530', 'presences': [{'user': {'id': '218316257286422529'}, 'status': 'dnd', 'game': {'type': 4, 'state': 'Flavors of Youth', 'name': 'Custom Status', 'id': 'custom', 'emoji': {'name': '🍜'}, 'created_at': 1596897403865}, 'client_status': {'desktop': 'dnd'}, 'activities': [{'type': 4, 'state': 'Flavors of Youth', 'name': 'Custom Status', 'id': 'custom', 'emoji': {'name': '🍜'}, 'created_at': 1596897403865}, {'type': 0, 'timestamps': {'start': 1596897403205}, 'state': 'Workspace: BotMatto', 'name': 'Visual Studio Code', 'id': '3183c5855c673d43', 'details': 'Editing bot.py', 'created_at': 1596897403866, 'assets': {'small_text': 'Visual Studio Code', 'small_image': '565945770067623946', 'large_text': 'Editing a PYTHON file', 'large_image': '565945350645481492'}, 'application_id': '383226320970055681'}]}, {'user': {'id': '740978136958763089'}, 'status': 'online', 'game': {'type': 0, 'name': ' MattoCraft', 'id': 'ec0b28a579ecb4bd', 'created_at': 1596831359141}, 'client_status': {'web': 'online'}, 'activities': [{'type': 0, 'name': ' MattoCraft', 'id': 'ec0b28a579ecb4bd', 'created_at': 1596831359141}]}, {'user': {'id': '741608454505889802'}, 'status': 'online', 'game': {'url': 'https://www.youtube.com/watch?v=f6AWapxwb2s&feature=youtu.be', 'type': 1, 'name': 'MattoCraft', 'id': 'ec0b28a579ecb4bd', 'created_at': 1596897030394}, 'client_status': {'web': 'online'}, 'activities': [{'url': 'https://www.youtube.com/watch?v=f6AWapxwb2s&feature=youtu.be', 'type': 1, 'name': 'MattoCraft', 'id': 'ec0b28a579ecb4bd', 'created_at': 1596897030394}]}], 'default_message_notifications': 0, 'guild_hashes': {'version': 1, 'roles': {'omitted': False, 'hash': '+oL5/q5O+b4'}, 'metadata': {'omitted': False, 'hash': '9P/NZBYxTqE'}, 'channels': {'omitted': False, 'hash': 'eMIYKsgOclQ'}}, 'roles': [{'position': 0, 'permissions_new': '104320577', 'permissions': 104320577, 'name': '@everyone', 'mentionable': False, 'managed': False, 'id': '740642043302510642', 'hoist': False, 'color': 0}, {'tags': {'bot_id': '740835522146074645'}, 'position': 5, 'permissions_new': '2146958847', 'permissions': 2146958847, 'name': 'MattoHelp', 'mentionable': False, 'managed': True, 'id': '740836105204531232', 'hoist': False, 'color': 0}, {'tags': {'bot_id': '740919934015635487'}, 'position': 4, 'permissions_new': '2146958839', 'permissions': 2146958839, 'name': 'MattoHelp', 'mentionable': False, 'managed': True, 'id': '740969037915357265', 'hoist': False, 'color': 0}, {'tags': {'bot_id': '740978136958763089'}, 'position': 3, 'permissions_new': '2146958839', 'permissions': 2146958839, 'name': 'Tutorial', 'mentionable': False, 'managed': True, 'id': '740980169241526384', 'hoist': False, 'color': 0}, {'position': 2, 'permissions_new': '104320585', 'permissions': 104320585, 'name': 'Tester', 'mentionable': False, 'managed': False, 'id': '741608645854494730', 'hoist': True, 'color': 15844367}, {'tags': {'bot_id': '741608454505889802'}, 'position': 1, 'permissions_new': '8', 'permissions': 8, 'name': 'MattoCraft', 'mentionable': False, 'managed': True, 'id': '741608909743325207', 'hoist': False, 'color': 0}], 'explicit_content_filter': 0, 'icon': None, 'large': False, 'premium_tier': 0, 'verification_level': 0, 'name': 'MattoHelp', 'application_id': None, 'afk_channel_id': None, 'system_channel_id': '741019667505741935', 'mfa_level': 0, 'channels': [{'type': 4, 'position': 0, 'permission_overwrites': [], 'name': 'Canali testuali', 'id': '740642043302510643'}, {'type': 4, 'position': 0, 'permission_overwrites': [], 'name': 'Canali vocali', 'id': '740642043302510644'}, {'type': 0, 'topic': None, 'rate_limit_per_user': 0, 'position': 0, 'permission_overwrites': [], 'parent_id': '740642043302510643', 'name': 'generale', 'last_message_id': '741665708974407690', 'id': '740642043302510645'}, {'user_limit': 0, 'type': 2, 'position': 0, 'permission_overwrites': [], 'parent_id': '740642043302510644', 'name': 'Generale', 'id': '740642043302510646', 'bitrate': 64000}, {'type': 0, 'topic': None, 'rate_limit_per_user': 0, 'position': 1, 'permission_overwrites': [], 'parent_id': '740642043302510643', 'name': 'welcome', 'last_message_id': '741608910221475842', 'id': '741019667505741935'}, {'type': 0, 'topic': None, 'rate_limit_per_user': 0, 'position': 2, 'permission_overwrites': [], 'parent_id': '740642043302510643', 'nsfw': False, 'name': 'supporto', 'last_message_id': '741661782355083346', 'id': '741654564612341840'}], 'features': [], 'member_count': 8, 'splash': None, 'discovery_splash': None, 'banner': None, 'region': 'europe', 'lazy': True, 'public_updates_channel_id': None, 'rules_channel_id': None, 'description': None, 'max_video_channel_users': 25, 'system_channel_flags': 0, 'id': '740642043302510642'}}
2020-08-08 16:36:50,226:DEBUG:discord.client: Dispatching event socket_response
2020-08-08 16:36:50,228:DEBUG:discord.client: Dispatching event guild_available
2020-08-08 16:36:52,229:DEBUG:discord.client: Dispatching event ready
2020-08-08 16:36:52,230:DEBUG:discord.gateway: Sending "{"op":3,"d":{"game":{"type":1,"name":"MattoCraft","url":"https://www.youtube.com/watch?v=f6AWapxwb2s&feature=youtu.be","assets":{},"details":"MattoCraft"},"afk":false,"since":1596897412230,"status":"idle"}}" to change status
2020-08-08 16:36:52,231:DEBUG:discord.client: Dispatching event socket_raw_send
2020-08-08 16:37:03,824:DEBUG:discord.client: Dispatching event socket_raw_receive
2020-08-08 16:37:03,825:DEBUG:discord.gateway: For Shard ID None: WebSocket Event: {'t': 'MESSAGE_CREATE', 's': 3, 'op': 0, 'd': {'type': 0, 'tts': False, 'timestamp': '2020-08-08T14:37:04.165000+00:00', 'pinned': False, 'nonce': '741666291802177536', 'mentions': [], 'mention_roles': [], 'mention_everyone': False, 'member': {'roles': ['741608645854494730'], 'premium_since': None, 'nick': None, 'mute': False, 'joined_at': '2020-08-08T10:47:47.458974+00:00', 'hoisted_role': '741608645854494730', 'deaf': False}, 'id': '741666294763487302', 'flags': 0, 'embeds': [], 'edited_timestamp': None, 'content': '.help', 'channel_id': '740642043302510645', 'author': {'username': 'HoloKi', 'public_flags': 260, 'id': '218316257286422529', 'discriminator': '0865', 'avatar': '112ffe66edd6979cea44bf99010e9485'}, 'attachments': [], 'guild_id': '740642043302510642'}}
2020-08-08 16:37:03,825:DEBUG:discord.client: Dispatching event socket_response
2020-08-08 16:37:03,825:DEBUG:discord.client: Dispatching event message
2020-08-08 16:37:03,825:DEBUG:discord.client: Dispatching event command
2020-08-08 16:37:04,060:DEBUG:discord.client: Dispatching event socket_raw_receive
2020-08-08 16:37:04,061:DEBUG:discord.gateway: For Shard ID None: WebSocket Event: {'t': 'MESSAGE_CREATE', 's': 4, 'op': 0, 'd': {'type': 0, 'tts': False, 'timestamp': '2020-08-08T14:37:04.369000+00:00', 'pinned': False, 'mentions': [], 'mention_roles': [], 'mention_everyone': False, 'member': {'roles': ['741608909743325207'], 'premium_since': None, 'nick': None, 'mute': False, 'joined_at': '2020-08-08T10:49:02.583994+00:00', 'hoisted_role': None, 'deaf': False}, 'id': '741666295619125279', 'flags': 0, 'embeds': [{'type': 'rich', 'fields': [{'value': 'Ti indirizza alle faq del server', 'name': '.faq', 'inline': False}, {'value': 'Se vuoi visualizzare la guida per votare!', 'name': '.voto', 'inline': False}, {'value': 'Per conoscere lo staff di Mattocraft!', 'name': '.staff', 'inline': False}, {'value': 'usa il comando segnalazione + frase per segnalare qualcosa', 'name': '.segnalazione', 'inline': False}, {'value': 'Visualizza il canale ufficiale del server', 'name': '.youtube', 'inline': False}], 'color': 15105570, 'author': {'name': 'Help'}}], 'edited_timestamp': None, 'content': '', 'channel_id': '740642043302510645', 'author': {'username': 'MattoCraft', 'public_flags': 0, 'id': '741608454505889802', 'discriminator': '8263', 'bot': True, 'avatar': None}, 'attachments': [], 'guild_id': '740642043302510642'}}
2020-08-08 16:37:04,061:DEBUG:discord.client: Dispatching event socket_response
2020-08-08 16:37:04,062:DEBUG:discord.client: Dispatching event message
2020-08-08 16:37:04,063:DEBUG:discord.http: POST https://discord.com/api/v7/channels/740642043302510645/messages with {"embed":{"author":{"name":"Help"},"fields":[{"inline":false,"name":".faq","value":"Ti indirizza alle faq del server"},{"inline":false,"name":".voto","value":"Se vuoi visualizzare la guida per votare!"},{"inline":false,"name":".staff","value":"Per conoscere lo staff di Mattocraft!"},{"inline":false,"name":".segnalazione","value":"usa il comando segnalazione + frase per segnalare qualcosa"},{"inline":false,"name":".youtube","value":"Visualizza il canale ufficiale del server"}],"color":15105570,"type":"rich"}} has returned 200
2020-08-08 16:37:04,064:DEBUG:discord.http: POST https://discord.com/api/v7/channels/740642043302510645/messages has received {'id': '741666295619125279', 'type': 0, 'content': '', 'channel_id': '740642043302510645', 'author': {'id': '741608454505889802', 'username': 'MattoCraft', 'avatar': None, 'discriminator': '8263', 'public_flags': 0, 'bot': True}, 'attachments': [], 'embeds': [{'type': 'rich', 'color': 15105570, 'fields': [{'name': '.faq', 'value': 'Ti indirizza alle faq del server', 'inline': False}, {'name': '.voto', 'value': 'Se vuoi visualizzare la guida per votare!', 'inline': False}, {'name': '.staff', 'value': 'Per conoscere lo staff di Mattocraft!', 'inline': False}, {'name': '.segnalazione', 'value': 'usa il comando segnalazione + frase per segnalare qualcosa', 'inline': False}, {'name': '.youtube', 'value': 'Visualizza il canale ufficiale del server', 'inline': False}], 'author': {'name': 'Help'}}], 'mentions': [], 'mention_roles': [], 'pinned': False, 'mention_everyone': False, 'tts': False, 'timestamp': '2020-08-08T14:37:04.369000+00:00', 'edited_timestamp': None, 'flags': 0}
2020-08-08 16:37:04,064:DEBUG:discord.client: Dispatching event command_completion
2020-08-08 16:37:04,071:DEBUG:discord.client: Dispatching event socket_raw_receive
2020-08-08 16:37:04,072:DEBUG:discord.gateway: For Shard ID None: WebSocket Event: {'t': 'MESSAGE_UPDATE', 's': 5, 'op': 0, 'd': {'id': '741666295619125279', 'embeds': [{'type': 'rich', 'fields': [{'value': 'Ti indirizza alle faq del server', 'name': '.faq', 'inline': False}, {'value': 'Se vuoi visualizzare la guida per votare!', 'name': '.voto', 'inline': False}, {'value': 'Per conoscere lo staff di Mattocraft!', 'name': '.staff', 'inline': False}, {'value': 'usa il comando segnalazione + frase per segnalare qualcosa', 'name': '.segnalazione', 'inline': False}, {'value': 'Visualizza il canale ufficiale del server', 'name': '.youtube', 'inline': False}], 'color': 15105570, 'author': {'name': 'Help'}}], 'channel_id': '740642043302510645', 'guild_id': '740642043302510642'}}
2020-08-08 16:37:04,073:DEBUG:discord.client: Dispatching event socket_response
2020-08-08 16:37:04,075:DEBUG:discord.client: Dispatching event raw_message_edit
2020-08-08 16:37:04,076:DEBUG:discord.client: Dispatching event message_edit
2020-08-08 16:37:07,059:DEBUG:discord.client: Dispatching event socket_raw_receive
2020-08-08 16:37:07,059:DEBUG:discord.gateway: For Shard ID None: WebSocket Event: {'t': 'MESSAGE_CREATE', 's': 6, 'op': 0, 'd': {'type': 0, 'tts': False, 'timestamp': '2020-08-08T14:37:07.358000+00:00', 'pinned': False, 'nonce': '741666305869873152', 'mentions': [], 'mention_roles': [], 'mention_everyone': False, 'member': {'roles': ['741608645854494730'], 'premium_since': None, 'nick': None, 'mute': False, 'joined_at': '2020-08-08T10:47:47.458974+00:00', 'hoisted_role': '741608645854494730', 'deaf': False}, 'id': '741666308155768895', 'flags': 0, 'embeds': [], 'edited_timestamp': None, 'content': '.faq', 'channel_id': '740642043302510645', 'author': {'username': 'HoloKi', 'public_flags': 260, 'id': '218316257286422529', 'discriminator': '0865', 'avatar': '112ffe66edd6979cea44bf99010e9485'}, 'attachments': [], 'guild_id': '740642043302510642'}}
2020-08-08 16:37:07,059:DEBUG:discord.client: Dispatching event socket_response
2020-08-08 16:37:07,061:DEBUG:discord.client: Dispatching event message
2020-08-08 16:37:07,061:DEBUG:discord.client: Dispatching event command
2020-08-08 16:37:07,320:DEBUG:discord.client: Dispatching event socket_raw_receive
2020-08-08 16:37:07,320:DEBUG:discord.gateway: For Shard ID None: WebSocket Event: {'t': 'CHANNEL_CREATE', 's': 7, 'op': 0, 'd': {'type': 1, 'recipients': [{'username': 'HoloKi', 'public_flags': 260, 'id': '218316257286422529', 'discriminator': '0865', 'avatar': '112ffe66edd6979cea44bf99010e9485'}], 'last_message_id': '741660862376575037', 'id': '741613386340761642'}}
2020-08-08 16:37:07,320:DEBUG:discord.client: Dispatching event socket_response
2020-08-08 16:37:07,321:DEBUG:discord.client: Dispatching event private_channel_create
2020-08-08 16:37:07,329:DEBUG:discord.http: POST https://discord.com/api/v7/users/@me/channels with {"recipient_id":218316257286422529} has returned 200
2020-08-08 16:37:07,329:DEBUG:discord.http: POST https://discord.com/api/v7/users/@me/channels has received {'id': '741613386340761642', 'last_message_id': '741660862376575037', 'type': 1, 'recipients': [{'id': '218316257286422529', 'username': 'HoloKi', 'avatar': '112ffe66edd6979cea44bf99010e9485', 'discriminator': '0865', 'public_flags': 260}]}
2020-08-08 16:37:07,575:DEBUG:discord.http: POST https://discord.com/api/v7/channels/741613386340761642/messages with {"embed":{"fields":[{"inline":false,"name":"FAQ","value":"Per vedere il FAQ entra in questo link: https://telegra.ph/FAQ-08-07-4"}],"color":15158332,"type":"rich"}} has returned 200
2020-08-08 16:37:07,575:DEBUG:discord.http: POST https://discord.com/api/v7/channels/741613386340761642/messages has received {'id': '741666310462636122', 'type': 0, 'content': '', 'channel_id': '741613386340761642', 'author': {'id': '741608454505889802', 'username': 'MattoCraft', 'avatar': None, 'discriminator': '8263', 'public_flags': 0, 'bot': True}, 'attachments': [], 'embeds': [{'type': 'rich', 'color': 15158332, 'fields': [{'name': 'FAQ', 'value': 'Per vedere il FAQ entra in questo link: https://telegra.ph/FAQ-08-07-4', 'inline': False}]}], 'mentions': [], 'mention_roles': [], 'pinned': False, 'mention_everyone': False, 'tts': False, 'timestamp': '2020-08-08T14:37:07.908000+00:00', 'edited_timestamp': None, 'flags': 0}
2020-08-08 16:37:07,575:DEBUG:discord.client: Dispatching event command_completion
2020-08-08 16:37:07,613:DEBUG:discord.client: Dispatching event socket_raw_receive
2020-08-08 16:37:07,613:DEBUG:discord.gateway: For Shard ID None: WebSocket Event: {'t': 'CHANNEL_CREATE', 's': 8, 'op': 0, 'd': {'type': 1, 'recipients': [{'username': 'HoloKi', 'public_flags': 260, 'id': '218316257286422529', 'discriminator': '0865', 'avatar': '112ffe66edd6979cea44bf99010e9485'}], 'last_message_id': '741666310462636122', 'id': '741613386340761642'}}
2020-08-08 16:37:07,615:DEBUG:discord.client: Dispatching event socket_response
2020-08-08 16:37:07,616:DEBUG:discord.client: Dispatching event socket_raw_receive
2020-08-08 16:37:07,617:DEBUG:discord.gateway: For Shard ID None: WebSocket Event: {'t': 'MESSAGE_CREATE', 's': 9, 'op': 0, 'd': {'type': 0, 'tts': False, 'timestamp': '2020-08-08T14:37:07.908000+00:00', 'pinned': False, 'mentions': [], 'mention_roles': [], 'mention_everyone': False, 'id': '741666310462636122', 'flags': 0, 'embeds': [{'type': 'rich', 'fields': [{'value': 'Per vedere il FAQ entra in questo link: https://telegra.ph/FAQ-08-07-4', 'name': 'FAQ', 'inline': False}], 'color': 15158332}], 'edited_timestamp': None, 'content': '', 'channel_id': '741613386340761642', 'author': {'username': 'MattoCraft', 'public_flags': 0, 'id': '741608454505889802', 'discriminator': '8263', 'bot': True, 'avatar': None}, 'attachments': []}}
2020-08-08 16:37:07,617:DEBUG:discord.client: Dispatching event socket_response
2020-08-08 16:37:07,618:DEBUG:discord.client: Dispatching event message
2020-08-08 16:37:07,621:DEBUG:discord.client: Dispatching event socket_raw_receive
2020-08-08 16:37:07,622:DEBUG:discord.gateway: For Shard ID None: WebSocket Event: {'t': 'MESSAGE_UPDATE', 's': 10, 'op': 0, 'd': {'id': '741666310462636122', 'embeds': [{'type': 'rich', 'fields': [{'value': 'Per vedere il FAQ entra in questo link: https://telegra.ph/FAQ-08-07-4', 'name': 'FAQ', 'inline': False}], 'color': 15158332}], 'channel_id': '741613386340761642'}}
2020-08-08 16:37:07,622:DEBUG:discord.client: Dispatching event socket_response
2020-08-08 16:37:07,623:DEBUG:discord.client: Dispatching event raw_message_edit
2020-08-08 16:37:07,624:DEBUG:discord.client: Dispatching event message_edit
2020-08-08 16:37:09,960:DEBUG:discord.client: Dispatching event socket_raw_receive
2020-08-08 16:37:09,961:DEBUG:discord.gateway: For Shard ID None: WebSocket Event: {'t': 'TYPING_START', 's': 11, 'op': 0, 'd': {'user_id': '218316257286422529', 'timestamp': 1596897430, 'member': {'user': {'username': 'HoloKi', 'public_flags': 260, 'id': '218316257286422529', 'discriminator': '0865', 'avatar': '112ffe66edd6979cea44bf99010e9485'}, 'roles': ['741608645854494730'], 'premium_since': None, 'nick': None, 'mute': False, 'joined_at': '2020-08-08T10:47:47.458974+00:00', 'hoisted_role': '741608645854494730', 'deaf': False}, 'channel_id': '740642043302510645', 'guild_id': '740642043302510642'}}
2020-08-08 16:37:09,961:DEBUG:discord.client: Dispatching event socket_response
2020-08-08 16:37:09,962:DEBUG:discord.client: Dispatching event typing
2020-08-08 16:37:10,026:DEBUG:discord.client: Dispatching event socket_raw_receive
2020-08-08 16:37:10,026:DEBUG:discord.gateway: For Shard ID None: WebSocket Event: {'t': 'MESSAGE_CREATE', 's': 12, 'op': 0, 'd': {'type': 0, 'tts': False, 'timestamp': '2020-08-08T14:37:10.358000+00:00', 'pinned': False, 'nonce': '741666318310178816', 'mentions': [], 'mention_roles': [], 'mention_everyone': False, 'member': {'roles': ['741608645854494730'], 'premium_since': None, 'nick': None, 'mute': False, 'joined_at': '2020-08-08T10:47:47.458974+00:00', 'hoisted_role': '741608645854494730', 'deaf': False}, 'id': '741666320738680852', 'flags': 0, 'embeds': [], 'edited_timestamp': None, 'content': '.voto', 'channel_id': '740642043302510645', 'author': {'username': 'HoloKi', 'public_flags': 260, 'id': '218316257286422529', 'discriminator': '0865', 'avatar': '112ffe66edd6979cea44bf99010e9485'}, 'attachments': [], 'guild_id': '740642043302510642'}}
2020-08-08 16:37:10,026:DEBUG:discord.client: Dispatching event socket_response
2020-08-08 16:37:10,026:DEBUG:discord.client: Dispatching event message
2020-08-08 16:37:10,027:DEBUG:discord.client: Dispatching event command
2020-08-08 16:37:10,216:DEBUG:discord.client: Dispatching event socket_raw_receive
2020-08-08 16:37:10,217:DEBUG:discord.gateway: For Shard ID None: WebSocket Event: {'t': 'MESSAGE_CREATE', 's': 13, 'op': 0, 'd': {'type': 0, 'tts': False, 'timestamp': '2020-08-08T14:37:10.561000+00:00', 'pinned': False, 'mentions': [], 'mention_roles': [], 'mention_everyone': False, 'member': {'roles': ['741608909743325207'], 'premium_since': None, 'nick': None, 'mute': False, 'joined_at': '2020-08-08T10:49:02.583994+00:00', 'hoisted_role': None, 'deaf': False}, 'id': '741666321590386718', 'flags': 0, 'embeds': [{'type': 'rich', 'fields': [{'value': 'Ho sentito che hai chiesto del voto, guardati questo video: https://www.youtube.com/watch?v=erL30ZKf7bI', 'name': 'Per votare', 'inline': False}], 'color': 15158332}], 'edited_timestamp': None, 'content': '', 'channel_id': '740642043302510645', 'author': {'username': 'MattoCraft', 'public_flags': 0, 'id': '741608454505889802', 'discriminator': '8263', 'bot': True, 'avatar': None}, 'attachments': [], 'guild_id': '740642043302510642'}}
2020-08-08 16:37:10,217:DEBUG:discord.client: Dispatching event socket_response
2020-08-08 16:37:10,218:DEBUG:discord.client: Dispatching event message
2020-08-08 16:37:10,235:DEBUG:discord.http: POST https://discord.com/api/v7/channels/740642043302510645/messages with {"embed":{"fields":[{"inline":false,"name":"Per votare","value":"Ho sentito che hai chiesto del voto, guardati questo video: https://www.youtube.com/watch?v=erL30ZKf7bI"}],"color":15158332,"type":"rich"}} has returned 200
2020-08-08 16:37:10,235:DEBUG:discord.http: POST https://discord.com/api/v7/channels/740642043302510645/messages has received {'id': '741666321590386718', 'type': 0, 'content': '', 'channel_id': '740642043302510645', 'author': {'id': '741608454505889802', 'username': 'MattoCraft', 'avatar': None, 'discriminator': '8263', 'public_flags': 0, 'bot': True}, 'attachments': [], 'embeds': [{'type': 'rich', 'color': 15158332, 'fields': [{'name': 'Per votare', 'value': 'Ho sentito che hai chiesto del voto, guardati questo video: https://www.youtube.com/watch?v=erL30ZKf7bI', 'inline': False}]}], 'mentions': [], 'mention_roles': [], 'pinned': False, 'mention_everyone': False, 'tts': False, 'timestamp': '2020-08-08T14:37:10.561000+00:00', 'edited_timestamp': None, 'flags': 0}
2020-08-08 16:37:10,235:DEBUG:discord.client: Dispatching event command_completion
2020-08-08 16:37:10,291:DEBUG:discord.client: Dispatching event socket_raw_receive
2020-08-08 16:37:10,292:DEBUG:discord.gateway: For Shard ID None: WebSocket Event: {'t': 'MESSAGE_UPDATE', 's': 14, 'op': 0, 'd': {'id': '741666321590386718', 'embeds': [{'type': 'rich', 'fields': [{'value': 'Ho sentito che hai chiesto del voto, guardati questo video: https://www.youtube.com/watch?v=erL30ZKf7bI', 'name': 'Per votare', 'inline': False}], 'color': 15158332}], 'channel_id': '740642043302510645', 'guild_id': '740642043302510642'}}
2020-08-08 16:37:10,292:DEBUG:discord.client: Dispatching event socket_response
2020-08-08 16:37:10,293:DEBUG:discord.client: Dispatching event raw_message_edit
2020-08-08 16:37:10,293:DEBUG:discord.client: Dispatching event message_edit
2020-08-08 16:37:14,568:DEBUG:discord.client: Dispatching event socket_raw_receive
2020-08-08 16:37:14,568:DEBUG:discord.gateway: For Shard ID None: WebSocket Event: {'t': 'MESSAGE_CREATE', 's': 15, 'op': 0, 'd': {'type': 0, 'tts': False, 'timestamp': '2020-08-08T14:37:14.890000+00:00', 'pinned': False, 'nonce': '741666337369096192', 'mentions': [], 'mention_roles': [], 'mention_everyone': False, 'member': {'roles': ['741608645854494730'], 'premium_since': None, 'nick': None, 'mute': False, 'joined_at': '2020-08-08T10:47:47.458974+00:00', 'hoisted_role': '741608645854494730', 'deaf': False}, 'id': '741666339747528704', 'flags': 0, 'embeds': [], 'edited_timestamp': None, 'content': '.staff', 'channel_id': '740642043302510645', 'author': {'username': 'HoloKi', 'public_flags': 260, 'id': '218316257286422529', 'discriminator': '0865', 'avatar': '112ffe66edd6979cea44bf99010e9485'}, 'attachments': [], 'guild_id': '740642043302510642'}}
2020-08-08 16:37:14,568:DEBUG:discord.client: Dispatching event socket_response
2020-08-08 16:37:14,568:DEBUG:discord.client: Dispatching event message
2020-08-08 16:37:14,569:DEBUG:discord.client: Dispatching event command
2020-08-08 16:37:14,838:DEBUG:discord.client: Dispatching event socket_raw_receive
2020-08-08 16:37:14,838:DEBUG:discord.gateway: For Shard ID None: WebSocket Event: {'t': 'MESSAGE_CREATE', 's': 16, 'op': 0, 'd': {'type': 0, 'tts': False, 'timestamp': '2020-08-08T14:37:15.155000+00:00', 'pinned': False, 'mentions': [], 'mention_roles': [], 'mention_everyone': False, 'member': {'roles': ['741608909743325207'], 'premium_since': None, 'nick': None, 'mute': False, 'joined_at': '2020-08-08T10:49:02.583994+00:00', 'hoisted_role': None, 'deaf': False}, 'id': '741666340859019304', 'flags': 0, 'embeds': [{'type': 'rich', 'fields': [{'value': 'Gianma23', 'name': 'Owner', 'inline': False}, {'value': 'JwZy', 'name': 'Mod', 'inline': False}, {'value': 'ArmerGaggy, YumiFox', 'name': 'Helper', 'inline': False}], 'color': 15158332, 'author': {'name': 'Lo staff di MattoCraft'}}], 'edited_timestamp': None, 'content': '', 'channel_id': '740642043302510645', 'author': {'username': 'MattoCraft', 'public_flags': 0, 'id': '741608454505889802', 'discriminator': '8263', 'bot': True, 'avatar': None}, 'attachments': [], 'guild_id': '740642043302510642'}}
2020-08-08 16:37:14,839:DEBUG:discord.client: Dispatching event socket_response
2020-08-08 16:37:14,839:DEBUG:discord.client: Dispatching event message
2020-08-08 16:37:14,877:DEBUG:discord.http: POST https://discord.com/api/v7/channels/740642043302510645/messages with {"embed":{"author":{"name":"Lo staff di MattoCraft"},"fields":[{"inline":false,"name":"Owner","value":"Gianma23"},{"inline":false,"name":"Mod","value":"JwZy"},{"inline":false,"name":"Helper","value":"ArmerGaggy, YumiFox"}],"color":15158332,"type":"rich"}} has returned 200
2020-08-08 16:37:14,877:DEBUG:discord.http: POST https://discord.com/api/v7/channels/740642043302510645/messages has received {'id': '741666340859019304', 'type': 0, 'content': '', 'channel_id': '740642043302510645', 'author': {'id': '741608454505889802', 'username': 'MattoCraft', 'avatar': None, 'discriminator': '8263', 'public_flags': 0, 'bot': True}, 'attachments': [], 'embeds': [{'type': 'rich', 'color': 15158332, 'fields': [{'name': 'Owner', 'value': 'Gianma23', 'inline': False}, {'name': 'Mod', 'value': 'JwZy', 'inline': False}, {'name': 'Helper', 'value': 'ArmerGaggy, YumiFox', 'inline': False}], 'author': {'name': 'Lo staff di MattoCraft'}}], 'mentions': [], 'mention_roles': [], 'pinned': False, 'mention_everyone': False, 'tts': False, 'timestamp': '2020-08-08T14:37:15.155000+00:00', 'edited_timestamp': None, 'flags': 0}
2020-08-08 16:37:14,877:DEBUG:discord.client: Dispatching event command_completion
2020-08-08 16:37:14,887:DEBUG:discord.client: Dispatching event socket_raw_receive
2020-08-08 16:37:14,887:DEBUG:discord.gateway: For Shard ID None: WebSocket Event: {'t': 'MESSAGE_UPDATE', 's': 17, 'op': 0, 'd': {'id': '741666340859019304', 'embeds': [{'type': 'rich', 'fields': [{'value': 'Gianma23', 'name': 'Owner', 'inline': False}, {'value': 'JwZy', 'name': 'Mod', 'inline': False}, {'value': 'ArmerGaggy, YumiFox', 'name': 'Helper', 'inline': False}], 'color': 15158332, 'author': {'name': 'Lo staff di MattoCraft'}}], 'channel_id': '740642043302510645', 'guild_id': '740642043302510642'}}
2020-08-08 16:37:14,888:DEBUG:discord.client: Dispatching event socket_response
2020-08-08 16:37:14,888:DEBUG:discord.client: Dispatching event raw_message_edit
2020-08-08 16:37:14,888:DEBUG:discord.client: Dispatching event message_edit
2020-08-08 16:37:18,389:DEBUG:discord.client: Dispatching event socket_raw_receive
2020-08-08 16:37:18,390:DEBUG:discord.gateway: For Shard ID None: WebSocket Event: {'t': 'TYPING_START', 's': 18, 'op': 0, 'd': {'user_id': '218316257286422529', 'timestamp': 1596897438, 'member': {'user': {'username': 'HoloKi', 'public_flags': 260, 'id': '218316257286422529', 'discriminator': '0865', 'avatar': '112ffe66edd6979cea44bf99010e9485'}, 'roles': ['741608645854494730'], 'premium_since': None, 'nick': None, 'mute': False, 'joined_at': '2020-08-08T10:47:47.458974+00:00', 'hoisted_role': '741608645854494730', 'deaf': False}, 'channel_id': '740642043302510645', 'guild_id': '740642043302510642'}}
2020-08-08 16:37:18,390:DEBUG:discord.client: Dispatching event socket_response
2020-08-08 16:37:18,392:DEBUG:discord.client: Dispatching event typing
2020-08-08 16:37:24,523:DEBUG:discord.client: Dispatching event socket_raw_receive
2020-08-08 16:37:24,524:DEBUG:discord.gateway: For Shard ID None: WebSocket Event: {'t': 'MESSAGE_CREATE', 's': 19, 'op': 0, 'd': {'type': 0, 'tts': False, 'timestamp': '2020-08-08T14:37:24.860000+00:00', 'pinned': False, 'nonce': '741666378460692480', 'mentions': [], 'mention_roles': [], 'mention_everyone': False, 'member': {'roles': ['741608645854494730'], 'premium_since': None, 'nick': None, 'mute': False, 'joined_at': '2020-08-08T10:47:47.458974+00:00', 'hoisted_role': '741608645854494730', 'deaf': False}, 'id': '741666381564477451', 'flags': 0, 'embeds': [], 'edited_timestamp': None, 'content': '.segnalazione prova', 'channel_id': '740642043302510645', 'author': {'username': 'HoloKi', 'public_flags': 260, 'id': '218316257286422529', 'discriminator': '0865', 'avatar': '112ffe66edd6979cea44bf99010e9485'}, 'attachments': [], 'guild_id': '740642043302510642'}}
2020-08-08 16:37:24,524:DEBUG:discord.client: Dispatching event socket_response
2020-08-08 16:37:24,524:DEBUG:discord.client: Dispatching event message
2020-08-08 16:37:24,525:DEBUG:discord.client: Dispatching event command
2020-08-08 16:37:24,767:DEBUG:discord.http: GET https://discord.com/api/v7/channels/740642043302510645/messages with None has returned 200
2020-08-08 16:37:24,767:DEBUG:discord.http: GET https://discord.com/api/v7/channels/740642043302510645/messages has received [{'id': '741666381564477451', 'type': 0, 'content': '.segnalazione prova', 'channel_id': '740642043302510645', 'author': {'id': '218316257286422529', 'username': 'HoloKi', 'avatar': '112ffe66edd6979cea44bf99010e9485', 'discriminator': '0865', 'public_flags': 260}, 'attachments': [], 'embeds': [], 'mentions': [], 'mention_roles': [], 'pinned': False, 'mention_everyone': False, 'tts': False, 'timestamp': '2020-08-08T14:37:24.860000+00:00', 'edited_timestamp': None, 'flags': 0}]
2020-08-08 16:37:25,015:DEBUG:discord.http: DELETE https://discord.com/api/v7/channels/740642043302510645/messages/741666381564477451 with None has returned 204
2020-08-08 16:37:25,016:DEBUG:discord.http: DELETE https://discord.com/api/v7/channels/740642043302510645/messages/741666381564477451 has received 
2020-08-08 16:37:25,024:DEBUG:discord.client: Dispatching event socket_raw_receive
2020-08-08 16:37:25,024:DEBUG:discord.gateway: For Shard ID None: WebSocket Event: {'t': 'MESSAGE_DELETE', 's': 20, 'op': 0, 'd': {'id': '741666381564477451', 'channel_id': '740642043302510645', 'guild_id': '740642043302510642'}}
2020-08-08 16:37:25,024:DEBUG:discord.client: Dispatching event socket_response
2020-08-08 16:37:25,028:DEBUG:discord.client: Dispatching event raw_message_delete
2020-08-08 16:37:25,028:DEBUG:discord.client: Dispatching event message_delete
2020-08-08 16:37:25,254:DEBUG:discord.client: Dispatching event socket_raw_receive
2020-08-08 16:37:25,254:DEBUG:discord.gateway: For Shard ID None: WebSocket Event: {'t': 'MESSAGE_CREATE', 's': 21, 'op': 0, 'd': {'type': 0, 'tts': False, 'timestamp': '2020-08-08T14:37:25.589000+00:00', 'pinned': False, 'mentions': [], 'mention_roles': [], 'mention_everyone': False, 'member': {'roles': ['741608909743325207'], 'premium_since': None, 'nick': None, 'mute': False, 'joined_at': '2020-08-08T10:49:02.583994+00:00', 'hoisted_role': None, 'deaf': False}, 'id': '741666384622256199', 'flags': 0, 'embeds': [{'type': 'rich', 'timestamp': '2020-08-08T14:37:25.016356+00:00', 'fields': [{'value': 'prova', 'name': 'Segnalazione:', 'inline': True}], 'color': 3066993, 'author': {'proxy_icon_url': 'https://images-ext-1.discordapp.net/external/M87aIAIMertJBypu8fAj2KbtAnH7m9dHoi9c4IDHdyg/%3Fsize%3D1024/https/cdn.discordapp.com/avatars/218316257286422529/112ffe66edd6979cea44bf99010e9485.webp', 'name': 'HoloKi#0865', 'icon_url': 'https://cdn.discordapp.com/avatars/218316257286422529/112ffe66edd6979cea44bf99010e9485.webp?size=1024'}}], 'edited_timestamp': None, 'content': '', 'channel_id': '741654564612341840', 'author': {'username': 'MattoCraft', 'public_flags': 0, 'id': '741608454505889802', 'discriminator': '8263', 'bot': True, 'avatar': None}, 'attachments': [], 'guild_id': '740642043302510642'}}
2020-08-08 16:37:25,255:DEBUG:discord.client: Dispatching event socket_response
2020-08-08 16:37:25,255:DEBUG:discord.client: Dispatching event message
2020-08-08 16:37:25,273:DEBUG:discord.http: POST https://discord.com/api/v7/channels/741654564612341840/messages with {"embed":{"author":{"name":"HoloKi#0865","icon_url":"https://cdn.discordapp.com/avatars/218316257286422529/112ffe66edd6979cea44bf99010e9485.webp?size=1024"},"fields":[{"inline":true,"name":"Segnalazione:","value":"prova"}],"color":3066993,"timestamp":"2020-08-08T14:37:25.016356+00:00","type":"rich"}} has returned 200
2020-08-08 16:37:25,275:DEBUG:discord.http: POST https://discord.com/api/v7/channels/741654564612341840/messages has received {'id': '741666384622256199', 'type': 0, 'content': '', 'channel_id': '741654564612341840', 'author': {'id': '741608454505889802', 'username': 'MattoCraft', 'avatar': None, 'discriminator': '8263', 'public_flags': 0, 'bot': True}, 'attachments': [], 'embeds': [{'type': 'rich', 'color': 3066993, 'timestamp': '2020-08-08T14:37:25.016356+00:00', 'fields': [{'name': 'Segnalazione:', 'value': 'prova', 'inline': True}], 'author': {'name': 'HoloKi#0865', 'icon_url': 'https://cdn.discordapp.com/avatars/218316257286422529/112ffe66edd6979cea44bf99010e9485.webp?size=1024', 'proxy_icon_url': 'https://images-ext-1.discordapp.net/external/M87aIAIMertJBypu8fAj2KbtAnH7m9dHoi9c4IDHdyg/%3Fsize%3D1024/https/cdn.discordapp.com/avatars/218316257286422529/112ffe66edd6979cea44bf99010e9485.webp'}}], 'mentions': [], 'mention_roles': [], 'pinned': False, 'mention_everyone': False, 'tts': False, 'timestamp': '2020-08-08T14:37:25.589000+00:00', 'edited_timestamp': None, 'flags': 0}
2020-08-08 16:37:25,276:DEBUG:discord.client: Dispatching event command_completion
2020-08-08 16:37:25,316:DEBUG:discord.client: Dispatching event socket_raw_receive
2020-08-08 16:37:25,316:DEBUG:discord.gateway: For Shard ID None: WebSocket Event: {'t': 'MESSAGE_UPDATE', 's': 22, 'op': 0, 'd': {'id': '741666384622256199', 'embeds': [{'type': 'rich', 'timestamp': '2020-08-08T14:37:25.016000+00:00', 'fields': [{'value': 'prova', 'name': 'Segnalazione:', 'inline': True}], 'color': 3066993, 'author': {'proxy_icon_url': 'https://images-ext-1.discordapp.net/external/M87aIAIMertJBypu8fAj2KbtAnH7m9dHoi9c4IDHdyg/%3Fsize%3D1024/https/cdn.discordapp.com/avatars/218316257286422529/112ffe66edd6979cea44bf99010e9485.webp', 'name': 'HoloKi#0865', 'icon_url': 'https://cdn.discordapp.com/avatars/218316257286422529/112ffe66edd6979cea44bf99010e9485.webp?size=1024'}}], 'channel_id': '741654564612341840', 'guild_id': '740642043302510642'}}
2020-08-08 16:37:25,317:DEBUG:discord.client: Dispatching event socket_response
2020-08-08 16:37:25,318:DEBUG:discord.client: Dispatching event raw_message_edit
2020-08-08 16:37:25,318:DEBUG:discord.client: Dispatching event message_edit
2020-08-08 16:37:29,448:DEBUG:discord.client: Dispatching event socket_raw_receive
2020-08-08 16:37:29,448:DEBUG:discord.gateway: For Shard ID None: WebSocket Event: {'t': 'MESSAGE_CREATE', 's': 23, 'op': 0, 'd': {'type': 0, 'tts': False, 'timestamp': '2020-08-08T14:37:29.756000+00:00', 'pinned': False, 'nonce': '741666399587401728', 'mentions': [], 'mention_roles': [], 'mention_everyone': False, 'member': {'roles': ['741608645854494730'], 'premium_since': None, 'nick': None, 'mute': False, 'joined_at': '2020-08-08T10:47:47.458974+00:00', 'hoisted_role': '741608645854494730', 'deaf': False}, 'id': '741666402100052060', 'flags': 0, 'embeds': [], 'edited_timestamp': None, 'content': '.youtube', 'channel_id': '740642043302510645', 'author': {'username': 'HoloKi', 'public_flags': 260, 'id': '218316257286422529', 'discriminator': '0865', 'avatar': '112ffe66edd6979cea44bf99010e9485'}, 'attachments': [], 'guild_id': '740642043302510642'}}
2020-08-08 16:37:29,449:DEBUG:discord.client: Dispatching event socket_response
2020-08-08 16:37:29,450:DEBUG:discord.client: Dispatching event message
2020-08-08 16:37:29,450:DEBUG:discord.client: Dispatching event command
2020-08-08 16:37:29,686:DEBUG:discord.client: Dispatching event socket_raw_receive
2020-08-08 16:37:29,687:DEBUG:discord.gateway: For Shard ID None: WebSocket Event: {'t': 'MESSAGE_CREATE', 's': 24, 'op': 0, 'd': {'type': 0, 'tts': False, 'timestamp': '2020-08-08T14:37:30.003000+00:00', 'pinned': False, 'mentions': [], 'mention_roles': [], 'mention_everyone': False, 'member': {'roles': ['741608909743325207'], 'premium_since': None, 'nick': None, 'mute': False, 'joined_at': '2020-08-08T10:49:02.583994+00:00', 'hoisted_role': None, 'deaf': False}, 'id': '741666403135782992', 'flags': 0, 'embeds': [{'type': 'rich', 'color': 3447003, 'author': {'name': 'Canale ufficiale'}}], 'edited_timestamp': None, 'content': '', 'channel_id': '740642043302510645', 'author': {'username': 'MattoCraft', 'public_flags': 0, 'id': '741608454505889802', 'discriminator': '8263', 'bot': True, 'avatar': None}, 'attachments': [], 'guild_id': '740642043302510642'}}
2020-08-08 16:37:29,687:DEBUG:discord.client: Dispatching event socket_response
2020-08-08 16:37:29,687:DEBUG:discord.client: Dispatching event message
2020-08-08 16:37:29,725:DEBUG:discord.http: POST https://discord.com/api/v7/channels/740642043302510645/messages with {"embed":{"author":{"name":"Canale ufficiale"},"color":3447003,"type":"rich"}} has returned 200
2020-08-08 16:37:29,726:DEBUG:discord.http: POST https://discord.com/api/v7/channels/740642043302510645/messages has received {'id': '741666403135782992', 'type': 0, 'content': '', 'channel_id': '740642043302510645', 'author': {'id': '741608454505889802', 'username': 'MattoCraft', 'avatar': None, 'discriminator': '8263', 'public_flags': 0, 'bot': True}, 'attachments': [], 'embeds': [{'type': 'rich', 'color': 3447003, 'author': {'name': 'Canale ufficiale'}}], 'mentions': [], 'mention_roles': [], 'pinned': False, 'mention_everyone': False, 'tts': False, 'timestamp': '2020-08-08T14:37:30.003000+00:00', 'edited_timestamp': None, 'flags': 0}
2020-08-08 16:37:29,727:DEBUG:discord.client: Dispatching event socket_raw_receive
2020-08-08 16:37:29,728:DEBUG:discord.gateway: For Shard ID None: WebSocket Event: {'t': 'MESSAGE_UPDATE', 's': 25, 'op': 0, 'd': {'id': '741666403135782992', 'embeds': [{'type': 'rich', 'color': 3447003, 'author': {'name': 'Canale ufficiale'}}], 'channel_id': '740642043302510645', 'guild_id': '740642043302510642'}}
2020-08-08 16:37:29,728:DEBUG:discord.client: Dispatching event socket_response
2020-08-08 16:37:29,728:DEBUG:discord.client: Dispatching event raw_message_edit
2020-08-08 16:37:29,728:DEBUG:discord.client: Dispatching event message_edit
2020-08-08 16:37:30,039:DEBUG:discord.client: Dispatching event socket_raw_receive
2020-08-08 16:37:30,039:DEBUG:discord.gateway: For Shard ID None: WebSocket Event: {'t': 'MESSAGE_CREATE', 's': 26, 'op': 0, 'd': {'type': 0, 'tts': False, 'timestamp': '2020-08-08T14:37:30.341000+00:00', 'pinned': False, 'mentions': [], 'mention_roles': [], 'mention_everyone': False, 'member': {'roles': ['741608909743325207'], 'premium_since': None, 'nick': None, 'mute': False, 'joined_at': '2020-08-08T10:49:02.583994+00:00', 'hoisted_role': None, 'deaf': False}, 'id': '741666404553719808', 'flags': 0, 'embeds': [{'url': 'https://www.youtube.com/channel/UCXUgfilc-mLPEVW3HkfRvjg', 'type': 'link', 'title': 'Mattocraft', 'thumbnail': {'width': 900, 'url': 'https://yt3.ggpht.com/a/AATXAJybXzd58qB83XzSEpBu2yZ8q8ZmGDmlHYA8zPhP=s900-c-k-c0xffffffff-no-rj-mo', 'proxy_url': 'https://images-ext-2.discordapp.net/external/saK0IdYPNAelk7D9BG7UbnPGgAH_LMXyXuVCcTWachA/https/yt3.ggpht.com/a/AATXAJybXzd58qB83XzSEpBu2yZ8q8ZmGDmlHYA8zPhP%3Ds900-c-k-c0xffffffff-no-rj-mo', 'height': 900}, 'provider': {'url': None, 'name': 'YouTube'}, 'description': 'Benvenuti nel canale YouTube del server minecraft MattoCraft!!', 'color': 16711680}], 'edited_timestamp': None, 'content': 'https://www.youtube.com/channel/UCXUgfilc-mLPEVW3HkfRvjg', 'channel_id': '740642043302510645', 'author': {'username': 'MattoCraft', 'public_flags': 0, 'id': '741608454505889802', 'discriminator': '8263', 'bot': True, 'avatar': None}, 'attachments': [], 'guild_id': '740642043302510642'}}
2020-08-08 16:37:30,040:DEBUG:discord.client: Dispatching event socket_response
2020-08-08 16:37:30,040:DEBUG:discord.client: Dispatching event message
2020-08-08 16:37:30,045:DEBUG:discord.http: POST https://discord.com/api/v7/channels/740642043302510645/messages with {"content":"https://www.youtube.com/channel/UCXUgfilc-mLPEVW3HkfRvjg"} has returned 200
2020-08-08 16:37:30,045:DEBUG:discord.http: POST https://discord.com/api/v7/channels/740642043302510645/messages has received {'id': '741666404553719808', 'type': 0, 'content': 'https://www.youtube.com/channel/UCXUgfilc-mLPEVW3HkfRvjg', 'channel_id': '740642043302510645', 'author': {'id': '741608454505889802', 'username': 'MattoCraft', 'avatar': None, 'discriminator': '8263', 'public_flags': 0, 'bot': True}, 'attachments': [], 'embeds': [{'type': 'link', 'url': 'https://www.youtube.com/channel/UCXUgfilc-mLPEVW3HkfRvjg', 'title': 'Mattocraft', 'description': 'Benvenuti nel canale YouTube del server minecraft MattoCraft!!', 'color': 16711680, 'provider': {'name': 'YouTube', 'url': None}, 'thumbnail': {'url': 'https://yt3.ggpht.com/a/AATXAJybXzd58qB83XzSEpBu2yZ8q8ZmGDmlHYA8zPhP=s900-c-k-c0xffffffff-no-rj-mo', 'proxy_url': 'https://images-ext-2.discordapp.net/external/saK0IdYPNAelk7D9BG7UbnPGgAH_LMXyXuVCcTWachA/https/yt3.ggpht.com/a/AATXAJybXzd58qB83XzSEpBu2yZ8q8ZmGDmlHYA8zPhP%3Ds900-c-k-c0xffffffff-no-rj-mo', 'width': 900, 'height': 900}}], 'mentions': [], 'mention_roles': [], 'pinned': False, 'mention_everyone': False, 'tts': False, 'timestamp': '2020-08-08T14:37:30.341000+00:00', 'edited_timestamp': None, 'flags': 0}
2020-08-08 16:37:30,048:DEBUG:discord.client: Dispatching event command_completion
2020-08-08 16:37:31,225:DEBUG:discord.gateway: Keeping shard ID None websocket alive with sequence 26.
2020-08-08 16:37:31,226:DEBUG:discord.client: Dispatching event socket_raw_send
2020-08-08 16:37:31,430:DEBUG:discord.client: Dispatching event socket_raw_receive
2020-08-08 16:37:31,431:DEBUG:discord.gateway: For Shard ID None: WebSocket Event: {'t': None, 's': None, 'op': 11, 'd': None}
2020-08-08 16:37:31,432:DEBUG:discord.client: Dispatching event socket_response
2020-08-08 16:37:50,716:DEBUG:discord.client: Dispatching event socket_raw_receive
2020-08-08 16:37:50,718:DEBUG:discord.gateway: For Shard ID None: WebSocket Event: {'t': 'TYPING_START', 's': 27, 'op': 0, 'd': {'user_id': '218316257286422529', 'timestamp': 1596897471, 'member': {'user': {'username': 'HoloKi', 'public_flags': 260, 'id': '218316257286422529', 'discriminator': '0865', 'avatar': '112ffe66edd6979cea44bf99010e9485'}, 'roles': ['741608645854494730'], 'premium_since': None, 'nick': None, 'mute': False, 'joined_at': '2020-08-08T10:47:47.458974+00:00', 'hoisted_role': '741608645854494730', 'deaf': False}, 'channel_id': '740642043302510645', 'guild_id': '740642043302510642'}}
2020-08-08 16:37:50,718:DEBUG:discord.client: Dispatching event socket_response
2020-08-08 16:37:50,719:DEBUG:discord.client: Dispatching event typing
2020-08-08 16:37:58,189:DEBUG:discord.client: Dispatching event socket_raw_receive
2020-08-08 16:37:58,190:DEBUG:discord.gateway: For Shard ID None: WebSocket Event: {'t': 'MESSAGE_CREATE', 's': 28, 'op': 0, 'd': {'type': 0, 'tts': False, 'timestamp': '2020-08-08T14:37:58.402000+00:00', 'pinned': False, 'nonce': '741666519099899904', 'mentions': [], 'mention_roles': [], 'mention_everyone': False, 'member': {'roles': ['741608645854494730'], 'premium_since': None, 'nick': None, 'mute': False, 'joined_at': '2020-08-08T10:47:47.458974+00:00', 'hoisted_role': '741608645854494730', 'deaf': False}, 'id': '741666522250084385', 'flags': 0, 'embeds': [], 'edited_timestamp': None, 'content': 'se vi servono richieste e comandi aggiuntivi son qua', 'channel_id': '740642043302510645', 'author': {'username': 'HoloKi', 'public_flags': 260, 'id': '218316257286422529', 'discriminator': '0865', 'avatar': '112ffe66edd6979cea44bf99010e9485'}, 'attachments': [], 'guild_id': '740642043302510642'}}
2020-08-08 16:37:58,190:DEBUG:discord.client: Dispatching event socket_response
2020-08-08 16:37:58,191:DEBUG:discord.client: Dispatching event message
